{"/Users/ilysalan/Desktop/backend-project-4/src/saveAndCrawlData.js": {"path":"/Users/ilysalan/Desktop/backend-project-4/src/saveAndCrawlData.js","statementMap":{"0":{"start":{"line":8,"column":14},"end":{"line":8,"column":40}},"1":{"start":{"line":11,"column":24},"end":{"line":23,"column":1}},"2":{"start":{"line":12,"column":30},"end":{"line":12,"column":59}},"3":{"start":{"line":13,"column":25},"end":{"line":13,"column":62}},"4":{"start":{"line":14,"column":27},"end":{"line":14,"column":71}},"5":{"start":{"line":16,"column":4},"end":{"line":18,"column":5}},"6":{"start":{"line":17,"column":8},"end":{"line":17,"column":52}},"7":{"start":{"line":19,"column":21},"end":{"line":21,"column":38}},"8":{"start":{"line":22,"column":4},"end":{"line":22,"column":57}},"9":{"start":{"line":25,"column":25},"end":{"line":31,"column":1}},"10":{"start":{"line":26,"column":19},"end":{"line":26,"column":58}},"11":{"start":{"line":27,"column":4},"end":{"line":29,"column":5}},"12":{"start":{"line":28,"column":8},"end":{"line":28,"column":51}},"13":{"start":{"line":30,"column":4},"end":{"line":30,"column":67}},"14":{"start":{"line":34,"column":21},"end":{"line":49,"column":1}},"15":{"start":{"line":35,"column":4},"end":{"line":48,"column":10}},"16":{"start":{"line":36,"column":28},"end":{"line":36,"column":41}},"17":{"start":{"line":38,"column":12},"end":{"line":40,"column":13}},"18":{"start":{"line":39,"column":16},"end":{"line":39,"column":41}},"19":{"start":{"line":41,"column":12},"end":{"line":41,"column":24}},"20":{"start":{"line":44,"column":12},"end":{"line":46,"column":13}},"21":{"start":{"line":45,"column":16},"end":{"line":45,"column":85}},"22":{"start":{"line":47,"column":12},"end":{"line":47,"column":24}},"23":{"start":{"line":51,"column":20},"end":{"line":62,"column":1}},"24":{"start":{"line":52,"column":21},"end":{"line":52,"column":61}},"25":{"start":{"line":53,"column":25},"end":{"line":53,"column":59}},"26":{"start":{"line":54,"column":4},"end":{"line":61,"column":11}},"27":{"start":{"line":55,"column":20},"end":{"line":55,"column":32}},"28":{"start":{"line":57,"column":12},"end":{"line":59,"column":13}},"29":{"start":{"line":58,"column":16},"end":{"line":58,"column":89}},"30":{"start":{"line":60,"column":12},"end":{"line":60,"column":24}},"31":{"start":{"line":64,"column":18},"end":{"line":66,"column":1}},"32":{"start":{"line":65,"column":4},"end":{"line":65,"column":41}},"33":{"start":{"line":68,"column":28},"end":{"line":71,"column":1}},"34":{"start":{"line":69,"column":4},"end":{"line":70,"column":86}},"35":{"start":{"line":70,"column":24},"end":{"line":70,"column":84}},"36":{"start":{"line":74,"column":28},"end":{"line":87,"column":1}},"37":{"start":{"line":75,"column":14},"end":{"line":75,"column":32}},"38":{"start":{"line":76,"column":17},"end":{"line":76,"column":19}},"39":{"start":{"line":77,"column":4},"end":{"line":84,"column":7}},"40":{"start":{"line":78,"column":8},"end":{"line":83,"column":11}},"41":{"start":{"line":79,"column":24},"end":{"line":79,"column":64}},"42":{"start":{"line":80,"column":12},"end":{"line":82,"column":13}},"43":{"start":{"line":81,"column":16},"end":{"line":81,"column":31}},"44":{"start":{"line":86,"column":4},"end":{"line":86,"column":16}},"45":{"start":{"line":89,"column":30},"end":{"line":103,"column":1}},"46":{"start":{"line":90,"column":14},"end":{"line":90,"column":32}},"47":{"start":{"line":91,"column":33},"end":{"line":91,"column":68}},"48":{"start":{"line":92,"column":4},"end":{"line":100,"column":7}},"49":{"start":{"line":93,"column":8},"end":{"line":99,"column":11}},"50":{"start":{"line":94,"column":24},"end":{"line":94,"column":64}},"51":{"start":{"line":95,"column":12},"end":{"line":98,"column":13}},"52":{"start":{"line":96,"column":33},"end":{"line":96,"column":100}},"53":{"start":{"line":97,"column":16},"end":{"line":97,"column":67}},"54":{"start":{"line":102,"column":4},"end":{"line":102,"column":20}},"55":{"start":{"line":105,"column":27},"end":{"line":117,"column":1}},"56":{"start":{"line":106,"column":24},"end":{"line":107,"column":67}},"57":{"start":{"line":107,"column":28},"end":{"line":107,"column":66}},"58":{"start":{"line":109,"column":18},"end":{"line":112,"column":7}},"59":{"start":{"line":109,"column":50},"end":{"line":112,"column":5}},"60":{"start":{"line":111,"column":20},"end":{"line":111,"column":118}},"61":{"start":{"line":114,"column":21},"end":{"line":114,"column":59}},"62":{"start":{"line":116,"column":4},"end":{"line":116,"column":26}},"63":{"start":{"line":119,"column":37},"end":{"line":122,"column":1}},"64":{"start":{"line":120,"column":24},"end":{"line":120,"column":102}},"65":{"start":{"line":121,"column":4},"end":{"line":121,"column":69}},"66":{"start":{"line":124,"column":22},"end":{"line":128,"column":1}},"67":{"start":{"line":125,"column":30},"end":{"line":125,"column":50}},"68":{"start":{"line":126,"column":28},"end":{"line":126,"column":72}},"69":{"start":{"line":127,"column":4},"end":{"line":127,"column":67}},"70":{"start":{"line":130,"column":23},"end":{"line":134,"column":1}},"71":{"start":{"line":131,"column":61},"end":{"line":131,"column":65}},"72":{"start":{"line":136,"column":33},"end":{"line":146,"column":1}},"73":{"start":{"line":137,"column":27},"end":{"line":137,"column":85}},"74":{"start":{"line":138,"column":31},"end":{"line":138,"column":67}},"75":{"start":{"line":139,"column":4},"end":{"line":145,"column":10}},"76":{"start":{"line":140,"column":20},"end":{"line":140,"column":54}},"77":{"start":{"line":142,"column":32},"end":{"line":142,"column":105}},"78":{"start":{"line":143,"column":35},"end":{"line":143,"column":132}},"79":{"start":{"line":144,"column":12},"end":{"line":144,"column":62}},"80":{"start":{"line":149,"column":17},"end":{"line":166,"column":1}},"81":{"start":{"line":151,"column":4},"end":{"line":151,"column":37}},"82":{"start":{"line":152,"column":4},"end":{"line":165,"column":11}},"83":{"start":{"line":154,"column":12},"end":{"line":154,"column":36}},"84":{"start":{"line":155,"column":12},"end":{"line":155,"column":56}},"85":{"start":{"line":156,"column":12},"end":{"line":156,"column":43}},"86":{"start":{"line":157,"column":12},"end":{"line":157,"column":28}},"87":{"start":{"line":160,"column":12},"end":{"line":160,"column":77}},"88":{"start":{"line":163,"column":12},"end":{"line":163,"column":46}},"89":{"start":{"line":164,"column":12},"end":{"line":164,"column":31}}},"fnMap":{"0":{"name":"(anonymous_0)","decl":{"start":{"line":11,"column":24},"end":{"line":11,"column":25}},"loc":{"start":{"line":11,"column":52},"end":{"line":23,"column":1}},"line":11},"1":{"name":"(anonymous_1)","decl":{"start":{"line":25,"column":25},"end":{"line":25,"column":26}},"loc":{"start":{"line":25,"column":104},"end":{"line":31,"column":1}},"line":25},"2":{"name":"(anonymous_2)","decl":{"start":{"line":34,"column":21},"end":{"line":34,"column":22}},"loc":{"start":{"line":34,"column":47},"end":{"line":49,"column":1}},"line":34},"3":{"name":"(anonymous_3)","decl":{"start":{"line":36,"column":14},"end":{"line":36,"column":15}},"loc":{"start":{"line":36,"column":28},"end":{"line":36,"column":41}},"line":36},"4":{"name":"(anonymous_4)","decl":{"start":{"line":37,"column":14},"end":{"line":37,"column":15}},"loc":{"start":{"line":37,"column":24},"end":{"line":42,"column":9}},"line":37},"5":{"name":"(anonymous_5)","decl":{"start":{"line":43,"column":15},"end":{"line":43,"column":16}},"loc":{"start":{"line":43,"column":26},"end":{"line":48,"column":9}},"line":43},"6":{"name":"(anonymous_6)","decl":{"start":{"line":51,"column":20},"end":{"line":51,"column":21}},"loc":{"start":{"line":51,"column":69},"end":{"line":62,"column":1}},"line":51},"7":{"name":"(anonymous_7)","decl":{"start":{"line":55,"column":14},"end":{"line":55,"column":15}},"loc":{"start":{"line":55,"column":20},"end":{"line":55,"column":32}},"line":55},"8":{"name":"(anonymous_8)","decl":{"start":{"line":56,"column":15},"end":{"line":56,"column":16}},"loc":{"start":{"line":56,"column":26},"end":{"line":61,"column":9}},"line":56},"9":{"name":"(anonymous_9)","decl":{"start":{"line":64,"column":18},"end":{"line":64,"column":19}},"loc":{"start":{"line":64,"column":35},"end":{"line":66,"column":1}},"line":64},"10":{"name":"(anonymous_10)","decl":{"start":{"line":68,"column":28},"end":{"line":68,"column":29}},"loc":{"start":{"line":68,"column":109},"end":{"line":71,"column":1}},"line":68},"11":{"name":"(anonymous_11)","decl":{"start":{"line":70,"column":14},"end":{"line":70,"column":15}},"loc":{"start":{"line":70,"column":24},"end":{"line":70,"column":84}},"line":70},"12":{"name":"(anonymous_12)","decl":{"start":{"line":74,"column":28},"end":{"line":74,"column":29}},"loc":{"start":{"line":74,"column":67},"end":{"line":87,"column":1}},"line":74},"13":{"name":"(anonymous_13)","decl":{"start":{"line":77,"column":27},"end":{"line":77,"column":28}},"loc":{"start":{"line":77,"column":46},"end":{"line":84,"column":5}},"line":77},"14":{"name":"(anonymous_14)","decl":{"start":{"line":78,"column":42},"end":{"line":78,"column":43}},"loc":{"start":{"line":78,"column":58},"end":{"line":83,"column":9}},"line":78},"15":{"name":"(anonymous_15)","decl":{"start":{"line":89,"column":30},"end":{"line":89,"column":31}},"loc":{"start":{"line":89,"column":91},"end":{"line":103,"column":1}},"line":89},"16":{"name":"(anonymous_16)","decl":{"start":{"line":92,"column":27},"end":{"line":92,"column":28}},"loc":{"start":{"line":92,"column":46},"end":{"line":100,"column":5}},"line":92},"17":{"name":"(anonymous_17)","decl":{"start":{"line":93,"column":42},"end":{"line":93,"column":43}},"loc":{"start":{"line":93,"column":58},"end":{"line":99,"column":9}},"line":93},"18":{"name":"(anonymous_18)","decl":{"start":{"line":105,"column":27},"end":{"line":105,"column":28}},"loc":{"start":{"line":105,"column":88},"end":{"line":117,"column":1}},"line":105},"19":{"name":"(anonymous_19)","decl":{"start":{"line":107,"column":13},"end":{"line":107,"column":14}},"loc":{"start":{"line":107,"column":28},"end":{"line":107,"column":66}},"line":107},"20":{"name":"(anonymous_20)","decl":{"start":{"line":109,"column":34},"end":{"line":109,"column":35}},"loc":{"start":{"line":109,"column":50},"end":{"line":112,"column":5}},"line":109},"21":{"name":"(anonymous_21)","decl":{"start":{"line":111,"column":14},"end":{"line":111,"column":15}},"loc":{"start":{"line":111,"column":20},"end":{"line":111,"column":118}},"line":111},"22":{"name":"(anonymous_22)","decl":{"start":{"line":119,"column":37},"end":{"line":119,"column":38}},"loc":{"start":{"line":119,"column":112},"end":{"line":122,"column":1}},"line":119},"23":{"name":"(anonymous_23)","decl":{"start":{"line":124,"column":22},"end":{"line":124,"column":23}},"loc":{"start":{"line":124,"column":50},"end":{"line":128,"column":1}},"line":124},"24":{"name":"(anonymous_24)","decl":{"start":{"line":131,"column":55},"end":{"line":131,"column":56}},"loc":{"start":{"line":131,"column":61},"end":{"line":131,"column":65}},"line":131},"25":{"name":"(anonymous_25)","decl":{"start":{"line":136,"column":33},"end":{"line":136,"column":34}},"loc":{"start":{"line":136,"column":75},"end":{"line":146,"column":1}},"line":136},"26":{"name":"(anonymous_26)","decl":{"start":{"line":140,"column":14},"end":{"line":140,"column":15}},"loc":{"start":{"line":140,"column":20},"end":{"line":140,"column":54}},"line":140},"27":{"name":"(anonymous_27)","decl":{"start":{"line":141,"column":14},"end":{"line":141,"column":15}},"loc":{"start":{"line":141,"column":24},"end":{"line":145,"column":9}},"line":141},"28":{"name":"(anonymous_28)","decl":{"start":{"line":149,"column":17},"end":{"line":149,"column":18}},"loc":{"start":{"line":149,"column":45},"end":{"line":166,"column":1}},"line":149},"29":{"name":"(anonymous_29)","decl":{"start":{"line":153,"column":14},"end":{"line":153,"column":15}},"loc":{"start":{"line":153,"column":28},"end":{"line":158,"column":9}},"line":153},"30":{"name":"(anonymous_30)","decl":{"start":{"line":159,"column":14},"end":{"line":159,"column":15}},"loc":{"start":{"line":159,"column":28},"end":{"line":161,"column":9}},"line":159},"31":{"name":"(anonymous_31)","decl":{"start":{"line":162,"column":14},"end":{"line":162,"column":15}},"loc":{"start":{"line":162,"column":20},"end":{"line":165,"column":9}},"line":162}},"branchMap":{"0":{"loc":{"start":{"line":16,"column":4},"end":{"line":18,"column":5}},"type":"if","locations":[{"start":{"line":16,"column":4},"end":{"line":18,"column":5}},{"start":{},"end":{}}],"line":16},"1":{"loc":{"start":{"line":16,"column":8},"end":{"line":16,"column":43}},"type":"binary-expr","locations":[{"start":{"line":16,"column":8},"end":{"line":16,"column":22}},{"start":{"line":16,"column":26},"end":{"line":16,"column":43}}],"line":16},"2":{"loc":{"start":{"line":22,"column":40},"end":{"line":22,"column":55}},"type":"binary-expr","locations":[{"start":{"line":22,"column":40},"end":{"line":22,"column":49}},{"start":{"line":22,"column":53},"end":{"line":22,"column":55}}],"line":22},"3":{"loc":{"start":{"line":25,"column":50},"end":{"line":25,"column":72}},"type":"default-arg","locations":[{"start":{"line":25,"column":65},"end":{"line":25,"column":72}}],"line":25},"4":{"loc":{"start":{"line":25,"column":74},"end":{"line":25,"column":99}},"type":"default-arg","locations":[{"start":{"line":25,"column":94},"end":{"line":25,"column":99}}],"line":25},"5":{"loc":{"start":{"line":27,"column":4},"end":{"line":29,"column":5}},"type":"if","locations":[{"start":{"line":27,"column":4},"end":{"line":29,"column":5}},{"start":{},"end":{}}],"line":27},"6":{"loc":{"start":{"line":30,"column":25},"end":{"line":30,"column":57}},"type":"binary-expr","locations":[{"start":{"line":30,"column":25},"end":{"line":30,"column":41}},{"start":{"line":30,"column":45},"end":{"line":30,"column":57}}],"line":30},"7":{"loc":{"start":{"line":38,"column":12},"end":{"line":40,"column":13}},"type":"if","locations":[{"start":{"line":38,"column":12},"end":{"line":40,"column":13}},{"start":{},"end":{}}],"line":38},"8":{"loc":{"start":{"line":44,"column":12},"end":{"line":46,"column":13}},"type":"if","locations":[{"start":{"line":44,"column":12},"end":{"line":46,"column":13}},{"start":{},"end":{}}],"line":44},"9":{"loc":{"start":{"line":57,"column":12},"end":{"line":59,"column":13}},"type":"if","locations":[{"start":{"line":57,"column":12},"end":{"line":59,"column":13}},{"start":{},"end":{}}],"line":57},"10":{"loc":{"start":{"line":68,"column":59},"end":{"line":68,"column":82}},"type":"default-arg","locations":[{"start":{"line":68,"column":73},"end":{"line":68,"column":82}}],"line":68},"11":{"loc":{"start":{"line":68,"column":84},"end":{"line":68,"column":104}},"type":"default-arg","locations":[{"start":{"line":68,"column":102},"end":{"line":68,"column":104}}],"line":68},"12":{"loc":{"start":{"line":80,"column":12},"end":{"line":82,"column":13}},"type":"if","locations":[{"start":{"line":80,"column":12},"end":{"line":82,"column":13}},{"start":{},"end":{}}],"line":80},"13":{"loc":{"start":{"line":80,"column":16},"end":{"line":80,"column":64}},"type":"binary-expr","locations":[{"start":{"line":80,"column":16},"end":{"line":80,"column":19}},{"start":{"line":80,"column":23},"end":{"line":80,"column":64}}],"line":80},"14":{"loc":{"start":{"line":95,"column":12},"end":{"line":98,"column":13}},"type":"if","locations":[{"start":{"line":95,"column":12},"end":{"line":98,"column":13}},{"start":{},"end":{}}],"line":95},"15":{"loc":{"start":{"line":95,"column":16},"end":{"line":95,"column":64}},"type":"binary-expr","locations":[{"start":{"line":95,"column":16},"end":{"line":95,"column":19}},{"start":{"line":95,"column":23},"end":{"line":95,"column":64}}],"line":95}},"s":{"0":1,"1":1,"2":11,"3":11,"4":11,"5":11,"6":6,"7":11,"8":11,"9":1,"10":11,"11":11,"12":2,"13":9,"14":1,"15":6,"16":6,"17":6,"18":3,"19":3,"20":0,"21":0,"22":0,"23":1,"24":6,"25":6,"26":6,"27":5,"28":1,"29":1,"30":0,"31":1,"32":2,"33":1,"34":6,"35":6,"36":1,"37":2,"38":2,"39":2,"40":6,"41":5,"42":5,"43":3,"44":2,"45":1,"46":2,"47":2,"48":2,"49":6,"50":5,"51":5,"52":3,"53":3,"54":2,"55":1,"56":2,"57":3,"58":2,"59":3,"60":3,"61":2,"62":2,"63":1,"64":2,"65":2,"66":1,"67":8,"68":8,"69":8,"70":1,"71":2,"72":1,"73":2,"74":2,"75":2,"76":2,"77":2,"78":2,"79":2,"80":1,"81":3,"82":3,"83":2,"84":2,"85":2,"86":2,"87":2,"88":2,"89":2},"f":{"0":11,"1":11,"2":6,"3":6,"4":6,"5":0,"6":6,"7":5,"8":1,"9":2,"10":6,"11":6,"12":2,"13":6,"14":5,"15":2,"16":6,"17":5,"18":2,"19":3,"20":3,"21":3,"22":2,"23":8,"24":2,"25":2,"26":2,"27":2,"28":3,"29":2,"30":2,"31":2},"b":{"0":[6,5],"1":[11,6],"2":[11,5],"3":[9],"4":[9],"5":[2,9],"6":[9,3],"7":[3,3],"8":[0,0],"9":[1,0],"10":[3],"11":[3],"12":[3,2],"13":[5,5],"14":[3,2],"15":[5,5]},"_coverageSchema":"1a1c01bbd47fc00a2c39e90264f33305004495a9","hash":"67c4b041324cf6cf2b44ff9ba0e36146a59b1c2b"}
}
