TN:
SF:src/saveAndCrawlData.js
FN:11,(anonymous_0)
FN:25,(anonymous_1)
FN:34,(anonymous_2)
FN:36,(anonymous_3)
FN:37,(anonymous_4)
FN:43,(anonymous_5)
FN:51,(anonymous_6)
FN:55,(anonymous_7)
FN:56,(anonymous_8)
FN:64,(anonymous_9)
FN:68,(anonymous_10)
FN:70,(anonymous_11)
FN:74,(anonymous_12)
FN:77,(anonymous_13)
FN:78,(anonymous_14)
FN:89,(anonymous_15)
FN:92,(anonymous_16)
FN:93,(anonymous_17)
FN:105,(anonymous_18)
FN:107,(anonymous_19)
FN:109,(anonymous_20)
FN:111,(anonymous_21)
FN:119,(anonymous_22)
FN:124,(anonymous_23)
FN:131,(anonymous_24)
FN:136,(anonymous_25)
FN:140,(anonymous_26)
FN:141,(anonymous_27)
FN:149,(anonymous_28)
FN:153,(anonymous_29)
FN:159,(anonymous_30)
FN:162,(anonymous_31)
FNF:32
FNH:31
FNDA:11,(anonymous_0)
FNDA:11,(anonymous_1)
FNDA:6,(anonymous_2)
FNDA:6,(anonymous_3)
FNDA:6,(anonymous_4)
FNDA:0,(anonymous_5)
FNDA:6,(anonymous_6)
FNDA:5,(anonymous_7)
FNDA:1,(anonymous_8)
FNDA:2,(anonymous_9)
FNDA:6,(anonymous_10)
FNDA:6,(anonymous_11)
FNDA:2,(anonymous_12)
FNDA:6,(anonymous_13)
FNDA:5,(anonymous_14)
FNDA:2,(anonymous_15)
FNDA:6,(anonymous_16)
FNDA:5,(anonymous_17)
FNDA:2,(anonymous_18)
FNDA:3,(anonymous_19)
FNDA:3,(anonymous_20)
FNDA:3,(anonymous_21)
FNDA:2,(anonymous_22)
FNDA:8,(anonymous_23)
FNDA:2,(anonymous_24)
FNDA:2,(anonymous_25)
FNDA:2,(anonymous_26)
FNDA:2,(anonymous_27)
FNDA:3,(anonymous_28)
FNDA:2,(anonymous_29)
FNDA:2,(anonymous_30)
FNDA:2,(anonymous_31)
DA:8,1
DA:11,1
DA:12,11
DA:13,11
DA:14,11
DA:16,11
DA:17,6
DA:19,11
DA:22,11
DA:25,1
DA:26,11
DA:27,11
DA:28,2
DA:30,9
DA:34,1
DA:35,6
DA:36,6
DA:38,6
DA:39,3
DA:41,3
DA:44,0
DA:45,0
DA:47,0
DA:51,1
DA:52,6
DA:53,6
DA:54,6
DA:55,5
DA:57,1
DA:58,1
DA:60,0
DA:64,1
DA:65,2
DA:68,1
DA:69,6
DA:70,6
DA:74,1
DA:75,2
DA:76,2
DA:77,2
DA:78,6
DA:79,5
DA:80,5
DA:81,3
DA:86,2
DA:89,1
DA:90,2
DA:91,2
DA:92,2
DA:93,6
DA:94,5
DA:95,5
DA:96,3
DA:97,3
DA:102,2
DA:105,1
DA:106,2
DA:107,3
DA:109,3
DA:111,3
DA:114,2
DA:116,2
DA:119,1
DA:120,2
DA:121,2
DA:124,1
DA:125,8
DA:126,8
DA:127,8
DA:130,1
DA:131,2
DA:136,1
DA:137,2
DA:138,2
DA:139,2
DA:140,2
DA:142,2
DA:143,2
DA:144,2
DA:149,1
DA:151,3
DA:152,3
DA:154,2
DA:155,2
DA:156,2
DA:157,2
DA:160,2
DA:163,2
DA:164,2
LF:89
LH:85
BRDA:16,0,0,6
BRDA:16,0,1,5
BRDA:16,1,0,11
BRDA:16,1,1,6
BRDA:22,2,0,11
BRDA:22,2,1,5
BRDA:25,3,0,9
BRDA:25,4,0,9
BRDA:27,5,0,2
BRDA:27,5,1,9
BRDA:30,6,0,9
BRDA:30,6,1,3
BRDA:38,7,0,3
BRDA:38,7,1,3
BRDA:44,8,0,0
BRDA:44,8,1,0
BRDA:57,9,0,1
BRDA:57,9,1,0
BRDA:68,10,0,3
BRDA:68,11,0,3
BRDA:80,12,0,3
BRDA:80,12,1,2
BRDA:80,13,0,5
BRDA:80,13,1,5
BRDA:95,14,0,3
BRDA:95,14,1,2
BRDA:95,15,0,5
BRDA:95,15,1,5
BRF:28
BRH:25
end_of_record
